{"C:\\Users\\jorda\\OneDrive\\Documents\\JordanProjects\\Bank_Management_App\\backend\\controllers\\accountController.js": {"path":"C:\\Users\\jorda\\OneDrive\\Documents\\JordanProjects\\Bank_Management_App\\backend\\controllers\\accountController.js","statementMap":{"0":{"start":{"line":1,"column":16},"end":{"line":1,"column":49}},"1":{"start":{"line":2,"column":17},"end":{"line":2,"column":36}},"2":{"start":{"line":5,"column":20},"end":{"line":10,"column":1}},"3":{"start":{"line":6,"column":18},"end":{"line":6,"column":30}},"4":{"start":{"line":7,"column":19},"end":{"line":7,"column":74}},"5":{"start":{"line":9,"column":2},"end":{"line":9,"column":33}},"6":{"start":{"line":13,"column":19},"end":{"line":27,"column":1}},"7":{"start":{"line":14,"column":17},"end":{"line":14,"column":27}},"8":{"start":{"line":16,"column":2},"end":{"line":18,"column":3}},"9":{"start":{"line":17,"column":4},"end":{"line":17,"column":62}},"10":{"start":{"line":20,"column":18},"end":{"line":20,"column":44}},"11":{"start":{"line":22,"column":2},"end":{"line":24,"column":3}},"12":{"start":{"line":23,"column":4},"end":{"line":23,"column":62}},"13":{"start":{"line":26,"column":2},"end":{"line":26,"column":32}},"14":{"start":{"line":30,"column":22},"end":{"line":61,"column":1}},"15":{"start":{"line":31,"column":54},"end":{"line":31,"column":62}},"16":{"start":{"line":33,"column":20},"end":{"line":33,"column":22}},"17":{"start":{"line":35,"column":2},"end":{"line":37,"column":3}},"18":{"start":{"line":36,"column":4},"end":{"line":36,"column":33}},"19":{"start":{"line":38,"column":2},"end":{"line":40,"column":3}},"20":{"start":{"line":39,"column":4},"end":{"line":39,"column":33}},"21":{"start":{"line":41,"column":2},"end":{"line":45,"column":3}},"22":{"start":{"line":42,"column":4},"end":{"line":44,"column":65}},"23":{"start":{"line":48,"column":2},"end":{"line":60,"column":3}},"24":{"start":{"line":49,"column":20},"end":{"line":49,"column":32}},"25":{"start":{"line":50,"column":20},"end":{"line":56,"column":6}},"26":{"start":{"line":57,"column":4},"end":{"line":57,"column":34}},"27":{"start":{"line":59,"column":4},"end":{"line":59,"column":51}},"28":{"start":{"line":64,"column":22},"end":{"line":78,"column":1}},"29":{"start":{"line":65,"column":17},"end":{"line":65,"column":27}},"30":{"start":{"line":67,"column":2},"end":{"line":69,"column":3}},"31":{"start":{"line":68,"column":4},"end":{"line":68,"column":62}},"32":{"start":{"line":71,"column":18},"end":{"line":71,"column":61}},"33":{"start":{"line":73,"column":2},"end":{"line":75,"column":3}},"34":{"start":{"line":74,"column":4},"end":{"line":74,"column":62}},"35":{"start":{"line":77,"column":2},"end":{"line":77,"column":32}},"36":{"start":{"line":81,"column":22},"end":{"line":99,"column":1}},"37":{"start":{"line":82,"column":17},"end":{"line":82,"column":27}},"38":{"start":{"line":84,"column":2},"end":{"line":86,"column":3}},"39":{"start":{"line":85,"column":4},"end":{"line":85,"column":62}},"40":{"start":{"line":88,"column":18},"end":{"line":92,"column":3}},"41":{"start":{"line":94,"column":2},"end":{"line":96,"column":3}},"42":{"start":{"line":95,"column":4},"end":{"line":95,"column":62}},"43":{"start":{"line":98,"column":2},"end":{"line":98,"column":32}},"44":{"start":{"line":101,"column":0},"end":{"line":107,"column":2}}},"fnMap":{"0":{"name":"(anonymous_0)","decl":{"start":{"line":5,"column":20},"end":{"line":5,"column":21}},"loc":{"start":{"line":5,"column":40},"end":{"line":10,"column":1}},"line":5},"1":{"name":"(anonymous_1)","decl":{"start":{"line":13,"column":19},"end":{"line":13,"column":20}},"loc":{"start":{"line":13,"column":39},"end":{"line":27,"column":1}},"line":13},"2":{"name":"(anonymous_2)","decl":{"start":{"line":30,"column":22},"end":{"line":30,"column":23}},"loc":{"start":{"line":30,"column":42},"end":{"line":61,"column":1}},"line":30},"3":{"name":"(anonymous_3)","decl":{"start":{"line":64,"column":22},"end":{"line":64,"column":23}},"loc":{"start":{"line":64,"column":42},"end":{"line":78,"column":1}},"line":64},"4":{"name":"(anonymous_4)","decl":{"start":{"line":81,"column":22},"end":{"line":81,"column":23}},"loc":{"start":{"line":81,"column":42},"end":{"line":99,"column":1}},"line":81}},"branchMap":{"0":{"loc":{"start":{"line":16,"column":2},"end":{"line":18,"column":3}},"type":"if","locations":[{"start":{"line":16,"column":2},"end":{"line":18,"column":3}},{"start":{},"end":{}}],"line":16},"1":{"loc":{"start":{"line":22,"column":2},"end":{"line":24,"column":3}},"type":"if","locations":[{"start":{"line":22,"column":2},"end":{"line":24,"column":3}},{"start":{},"end":{}}],"line":22},"2":{"loc":{"start":{"line":35,"column":2},"end":{"line":37,"column":3}},"type":"if","locations":[{"start":{"line":35,"column":2},"end":{"line":37,"column":3}},{"start":{},"end":{}}],"line":35},"3":{"loc":{"start":{"line":38,"column":2},"end":{"line":40,"column":3}},"type":"if","locations":[{"start":{"line":38,"column":2},"end":{"line":40,"column":3}},{"start":{},"end":{}}],"line":38},"4":{"loc":{"start":{"line":41,"column":2},"end":{"line":45,"column":3}},"type":"if","locations":[{"start":{"line":41,"column":2},"end":{"line":45,"column":3}},{"start":{},"end":{}}],"line":41},"5":{"loc":{"start":{"line":67,"column":2},"end":{"line":69,"column":3}},"type":"if","locations":[{"start":{"line":67,"column":2},"end":{"line":69,"column":3}},{"start":{},"end":{}}],"line":67},"6":{"loc":{"start":{"line":73,"column":2},"end":{"line":75,"column":3}},"type":"if","locations":[{"start":{"line":73,"column":2},"end":{"line":75,"column":3}},{"start":{},"end":{}}],"line":73},"7":{"loc":{"start":{"line":84,"column":2},"end":{"line":86,"column":3}},"type":"if","locations":[{"start":{"line":84,"column":2},"end":{"line":86,"column":3}},{"start":{},"end":{}}],"line":84},"8":{"loc":{"start":{"line":94,"column":2},"end":{"line":96,"column":3}},"type":"if","locations":[{"start":{"line":94,"column":2},"end":{"line":96,"column":3}},{"start":{},"end":{}}],"line":94}},"s":{"0":1,"1":1,"2":1,"3":1,"4":1,"5":1,"6":1,"7":2,"8":2,"9":1,"10":1,"11":1,"12":0,"13":1,"14":1,"15":2,"16":2,"17":2,"18":1,"19":2,"20":1,"21":2,"22":1,"23":1,"24":1,"25":1,"26":1,"27":0,"28":1,"29":2,"30":2,"31":0,"32":2,"33":2,"34":1,"35":1,"36":1,"37":2,"38":2,"39":0,"40":2,"41":2,"42":1,"43":1,"44":1},"f":{"0":1,"1":2,"2":2,"3":2,"4":2},"b":{"0":[1,1],"1":[0,1],"2":[1,1],"3":[1,1],"4":[1,1],"5":[0,2],"6":[1,1],"7":[0,2],"8":[1,1]},"_coverageSchema":"1a1c01bbd47fc00a2c39e90264f33305004495a9","hash":"2042f4b308f80516f9148c4c5abd20930abb657d"}
,"C:\\Users\\jorda\\OneDrive\\Documents\\JordanProjects\\Bank_Management_App\\backend\\controllers\\userController.js": {"path":"C:\\Users\\jorda\\OneDrive\\Documents\\JordanProjects\\Bank_Management_App\\backend\\controllers\\userController.js","statementMap":{"0":{"start":{"line":1,"column":13},"end":{"line":1,"column":43}},"1":{"start":{"line":2,"column":12},"end":{"line":2,"column":35}},"2":{"start":{"line":4,"column":20},"end":{"line":6,"column":1}},"3":{"start":{"line":5,"column":2},"end":{"line":5,"column":68}},"4":{"start":{"line":9,"column":18},"end":{"line":22,"column":1}},"5":{"start":{"line":10,"column":30},"end":{"line":10,"column":38}},"6":{"start":{"line":12,"column":2},"end":{"line":21,"column":3}},"7":{"start":{"line":13,"column":17},"end":{"line":13,"column":50}},"8":{"start":{"line":16,"column":18},"end":{"line":16,"column":39}},"9":{"start":{"line":18,"column":4},"end":{"line":18,"column":72}},"10":{"start":{"line":20,"column":4},"end":{"line":20,"column":51}},"11":{"start":{"line":25,"column":19},"end":{"line":38,"column":1}},"12":{"start":{"line":26,"column":36},"end":{"line":26,"column":44}},"13":{"start":{"line":28,"column":2},"end":{"line":37,"column":3}},"14":{"start":{"line":29,"column":17},"end":{"line":29,"column":57}},"15":{"start":{"line":32,"column":18},"end":{"line":32,"column":39}},"16":{"start":{"line":34,"column":4},"end":{"line":34,"column":72}},"17":{"start":{"line":36,"column":4},"end":{"line":36,"column":51}},"18":{"start":{"line":40,"column":0},"end":{"line":40,"column":43}}},"fnMap":{"0":{"name":"(anonymous_0)","decl":{"start":{"line":4,"column":20},"end":{"line":4,"column":21}},"loc":{"start":{"line":4,"column":29},"end":{"line":6,"column":1}},"line":4},"1":{"name":"(anonymous_1)","decl":{"start":{"line":9,"column":18},"end":{"line":9,"column":19}},"loc":{"start":{"line":9,"column":38},"end":{"line":22,"column":1}},"line":9},"2":{"name":"(anonymous_2)","decl":{"start":{"line":25,"column":19},"end":{"line":25,"column":20}},"loc":{"start":{"line":25,"column":39},"end":{"line":38,"column":1}},"line":25}},"branchMap":{},"s":{"0":1,"1":1,"2":1,"3":2,"4":1,"5":2,"6":2,"7":2,"8":1,"9":1,"10":1,"11":1,"12":2,"13":2,"14":2,"15":1,"16":1,"17":1,"18":1},"f":{"0":2,"1":2,"2":2},"b":{},"_coverageSchema":"1a1c01bbd47fc00a2c39e90264f33305004495a9","hash":"a54f3581123490d699514b1ec875cdc174bffb30"}
,"C:\\Users\\jorda\\OneDrive\\Documents\\JordanProjects\\Bank_Management_App\\backend\\models\\accountModel.js": {"path":"C:\\Users\\jorda\\OneDrive\\Documents\\JordanProjects\\Bank_Management_App\\backend\\models\\accountModel.js","statementMap":{"0":{"start":{"line":1,"column":17},"end":{"line":1,"column":36}},"1":{"start":{"line":3,"column":15},"end":{"line":3,"column":30}},"2":{"start":{"line":5,"column":22},"end":{"line":28,"column":1}},"3":{"start":{"line":30,"column":0},"end":{"line":30,"column":58}}},"fnMap":{},"branchMap":{},"s":{"0":1,"1":1,"2":1,"3":1},"f":{},"b":{},"_coverageSchema":"1a1c01bbd47fc00a2c39e90264f33305004495a9","hash":"344231894726acea5eff3388d6c54fac2e36d5c2"}
,"C:\\Users\\jorda\\OneDrive\\Documents\\JordanProjects\\Bank_Management_App\\backend\\models\\userModel.js": {"path":"C:\\Users\\jorda\\OneDrive\\Documents\\JordanProjects\\Bank_Management_App\\backend\\models\\userModel.js","statementMap":{"0":{"start":{"line":1,"column":17},"end":{"line":1,"column":36}},"1":{"start":{"line":2,"column":15},"end":{"line":2,"column":32}},"2":{"start":{"line":3,"column":18},"end":{"line":3,"column":38}},"3":{"start":{"line":5,"column":15},"end":{"line":5,"column":30}},"4":{"start":{"line":7,"column":19},"end":{"line":21,"column":2}},"5":{"start":{"line":24,"column":0},"end":{"line":48,"column":2}},"6":{"start":{"line":26,"column":2},"end":{"line":28,"column":3}},"7":{"start":{"line":27,"column":4},"end":{"line":27,"column":45}},"8":{"start":{"line":29,"column":2},"end":{"line":31,"column":3}},"9":{"start":{"line":30,"column":4},"end":{"line":30,"column":35}},"10":{"start":{"line":32,"column":2},"end":{"line":34,"column":3}},"11":{"start":{"line":33,"column":4},"end":{"line":33,"column":46}},"12":{"start":{"line":36,"column":17},"end":{"line":36,"column":46}},"13":{"start":{"line":38,"column":2},"end":{"line":40,"column":3}},"14":{"start":{"line":39,"column":4},"end":{"line":39,"column":40}},"15":{"start":{"line":42,"column":15},"end":{"line":42,"column":39}},"16":{"start":{"line":43,"column":15},"end":{"line":43,"column":48}},"17":{"start":{"line":45,"column":15},"end":{"line":45,"column":65}},"18":{"start":{"line":47,"column":2},"end":{"line":47,"column":14}},"19":{"start":{"line":51,"column":0},"end":{"line":67,"column":2}},"20":{"start":{"line":52,"column":2},"end":{"line":54,"column":3}},"21":{"start":{"line":53,"column":4},"end":{"line":53,"column":45}},"22":{"start":{"line":56,"column":15},"end":{"line":56,"column":44}},"23":{"start":{"line":57,"column":2},"end":{"line":59,"column":3}},"24":{"start":{"line":58,"column":4},"end":{"line":58,"column":35}},"25":{"start":{"line":61,"column":16},"end":{"line":61,"column":61}},"26":{"start":{"line":62,"column":2},"end":{"line":64,"column":3}},"27":{"start":{"line":63,"column":4},"end":{"line":63,"column":38}},"28":{"start":{"line":66,"column":2},"end":{"line":66,"column":14}},"29":{"start":{"line":69,"column":0},"end":{"line":69,"column":52}}},"fnMap":{"0":{"name":"(anonymous_0)","decl":{"start":{"line":24,"column":28},"end":{"line":24,"column":29}},"loc":{"start":{"line":24,"column":67},"end":{"line":48,"column":1}},"line":24},"1":{"name":"(anonymous_1)","decl":{"start":{"line":51,"column":27},"end":{"line":51,"column":28}},"loc":{"start":{"line":51,"column":60},"end":{"line":67,"column":1}},"line":51}},"branchMap":{"0":{"loc":{"start":{"line":26,"column":2},"end":{"line":28,"column":3}},"type":"if","locations":[{"start":{"line":26,"column":2},"end":{"line":28,"column":3}},{"start":{},"end":{}}],"line":26},"1":{"loc":{"start":{"line":26,"column":6},"end":{"line":26,"column":34}},"type":"binary-expr","locations":[{"start":{"line":26,"column":6},"end":{"line":26,"column":11}},{"start":{"line":26,"column":15},"end":{"line":26,"column":21}},{"start":{"line":26,"column":25},"end":{"line":26,"column":34}}],"line":26},"2":{"loc":{"start":{"line":29,"column":2},"end":{"line":31,"column":3}},"type":"if","locations":[{"start":{"line":29,"column":2},"end":{"line":31,"column":3}},{"start":{},"end":{}}],"line":29},"3":{"loc":{"start":{"line":32,"column":2},"end":{"line":34,"column":3}},"type":"if","locations":[{"start":{"line":32,"column":2},"end":{"line":34,"column":3}},{"start":{},"end":{}}],"line":32},"4":{"loc":{"start":{"line":38,"column":2},"end":{"line":40,"column":3}},"type":"if","locations":[{"start":{"line":38,"column":2},"end":{"line":40,"column":3}},{"start":{},"end":{}}],"line":38},"5":{"loc":{"start":{"line":52,"column":2},"end":{"line":54,"column":3}},"type":"if","locations":[{"start":{"line":52,"column":2},"end":{"line":54,"column":3}},{"start":{},"end":{}}],"line":52},"6":{"loc":{"start":{"line":52,"column":6},"end":{"line":52,"column":25}},"type":"binary-expr","locations":[{"start":{"line":52,"column":6},"end":{"line":52,"column":12}},{"start":{"line":52,"column":16},"end":{"line":52,"column":25}}],"line":52},"7":{"loc":{"start":{"line":57,"column":2},"end":{"line":59,"column":3}},"type":"if","locations":[{"start":{"line":57,"column":2},"end":{"line":59,"column":3}},{"start":{},"end":{}}],"line":57},"8":{"loc":{"start":{"line":62,"column":2},"end":{"line":64,"column":3}},"type":"if","locations":[{"start":{"line":62,"column":2},"end":{"line":64,"column":3}},{"start":{},"end":{}}],"line":62}},"s":{"0":2,"1":2,"2":2,"3":2,"4":2,"5":2,"6":5,"7":1,"8":4,"9":1,"10":3,"11":1,"12":2,"13":2,"14":1,"15":1,"16":1,"17":1,"18":1,"19":2,"20":4,"21":1,"22":3,"23":3,"24":1,"25":2,"26":2,"27":1,"28":1,"29":2},"f":{"0":5,"1":4},"b":{"0":[1,4],"1":[5,4,4],"2":[1,3],"3":[1,2],"4":[1,1],"5":[1,3],"6":[4,3],"7":[1,2],"8":[1,1]},"_coverageSchema":"1a1c01bbd47fc00a2c39e90264f33305004495a9","hash":"62d0ef545dd0cb8688f8fb949d1ce7a95459e0cc"}
}
