TN:
SF:controllers\accountController.js
FN:5,(anonymous_0)
FN:13,(anonymous_1)
FN:30,(anonymous_2)
FN:64,(anonymous_3)
FN:81,(anonymous_4)
FNF:5
FNH:5
FNDA:1,(anonymous_0)
FNDA:3,(anonymous_1)
FNDA:3,(anonymous_2)
FNDA:3,(anonymous_3)
FNDA:3,(anonymous_4)
DA:1,1
DA:2,1
DA:5,1
DA:6,1
DA:7,1
DA:9,1
DA:13,1
DA:14,3
DA:16,3
DA:17,1
DA:20,2
DA:22,2
DA:23,1
DA:26,1
DA:30,1
DA:31,3
DA:33,3
DA:35,3
DA:36,1
DA:38,3
DA:39,1
DA:41,3
DA:42,1
DA:48,2
DA:49,2
DA:50,2
DA:57,1
DA:59,1
DA:64,1
DA:65,3
DA:67,3
DA:68,1
DA:71,2
DA:73,2
DA:74,1
DA:77,1
DA:81,1
DA:82,3
DA:84,3
DA:85,1
DA:88,2
DA:94,2
DA:95,1
DA:98,1
DA:101,1
LF:45
LH:45
BRDA:16,0,0,1
BRDA:16,0,1,2
BRDA:22,1,0,1
BRDA:22,1,1,1
BRDA:35,2,0,1
BRDA:35,2,1,2
BRDA:38,3,0,1
BRDA:38,3,1,2
BRDA:41,4,0,1
BRDA:41,4,1,2
BRDA:67,5,0,1
BRDA:67,5,1,2
BRDA:73,6,0,1
BRDA:73,6,1,1
BRDA:84,7,0,1
BRDA:84,7,1,2
BRDA:94,8,0,1
BRDA:94,8,1,1
BRF:18
BRH:18
end_of_record
TN:
SF:controllers\userController.js
FN:4,(anonymous_0)
FN:9,(anonymous_1)
FN:25,(anonymous_2)
FNF:3
FNH:3
FNDA:2,(anonymous_0)
FNDA:2,(anonymous_1)
FNDA:2,(anonymous_2)
DA:1,1
DA:2,1
DA:4,1
DA:5,2
DA:9,1
DA:10,2
DA:12,2
DA:13,2
DA:16,1
DA:18,1
DA:20,1
DA:25,1
DA:26,2
DA:28,2
DA:29,2
DA:32,1
DA:34,1
DA:36,1
DA:40,1
LF:19
LH:19
BRF:0
BRH:0
end_of_record
TN:
SF:models\accountModel.js
FNF:0
FNH:0
DA:1,1
DA:3,1
DA:5,1
DA:30,1
LF:4
LH:4
BRF:0
BRH:0
end_of_record
TN:
SF:models\userModel.js
FN:24,(anonymous_0)
FN:51,(anonymous_1)
FNF:2
FNH:2
FNDA:5,(anonymous_0)
FNDA:4,(anonymous_1)
DA:1,2
DA:2,2
DA:3,2
DA:5,2
DA:7,2
DA:24,2
DA:26,5
DA:27,1
DA:29,4
DA:30,1
DA:32,3
DA:33,1
DA:36,2
DA:38,2
DA:39,1
DA:42,1
DA:43,1
DA:45,1
DA:47,1
DA:51,2
DA:52,4
DA:53,1
DA:56,3
DA:57,3
DA:58,1
DA:61,2
DA:62,2
DA:63,1
DA:66,1
DA:69,2
LF:30
LH:30
BRDA:26,0,0,1
BRDA:26,0,1,4
BRDA:26,1,0,5
BRDA:26,1,1,4
BRDA:26,1,2,4
BRDA:29,2,0,1
BRDA:29,2,1,3
BRDA:32,3,0,1
BRDA:32,3,1,2
BRDA:38,4,0,1
BRDA:38,4,1,1
BRDA:52,5,0,1
BRDA:52,5,1,3
BRDA:52,6,0,4
BRDA:52,6,1,3
BRDA:57,7,0,1
BRDA:57,7,1,2
BRDA:62,8,0,1
BRDA:62,8,1,1
BRF:19
BRH:19
end_of_record
